Using pre-set license
Built from '2020.3/staging' branch; Version is '2020.3.18f1 (a7d1c678663c) revision 10998214'; Using compiler version '192528614'; Build Type 'Release'
OS: 'Windows 10 Pro; OS build 19043.1348; Version 2009; 64bit' Language: 'en' Physical Memory: 16313 MB
BatchMode: 1, IsHumanControllingUs: 0, StartBugReporterOnCrash: 0, Is64bit: 1, IsPro: 0

COMMAND LINE ARGUMENTS:
C:\Program Files\Unity\Hub\Editor\2020.3.18f1\Editor\Unity.exe
-adb2
-batchMode
-noUpm
-name
AssetImportWorker0
-projectPath
D:/Aram/Documents/Unity/SpaceD/SpaceDino
-logFile
Logs/AssetImportWorker0.log
-srvPort
65514
Successfully changed project path to: D:/Aram/Documents/Unity/SpaceD/SpaceDino
D:/Aram/Documents/Unity/SpaceD/SpaceDino
Using Asset Import Pipeline V2.
Refreshing native plugins compatible for Editor in 142.24 ms, found 2 plugins.
Preloading 0 native plugins for Editor in 0.00 ms.
Initialize engine version: 2020.3.18f1 (a7d1c678663c)
[Subsystems] Discovering subsystems at path C:/Program Files/Unity/Hub/Editor/2020.3.18f1/Editor/Data/Resources/UnitySubsystems
[Subsystems] Discovering subsystems at path D:/Aram/Documents/Unity/SpaceD/SpaceDino/Assets
GfxDevice: creating device client; threaded=0
d3d12: loaded!
Direct3D:
    Version:         Direct3D 12 [level 12.1]
    Renderer:        NVIDIA GeForce GTX 1660 Ti (ID=0x2182)
    Vendor:          
    VRAM:            5991 MB
    App VRAM Budget: 5223 MB
    Driver:          30.0.14.7168
d3d12: Profiler is enabled, but stable power state is not. GPU timing errors are expected.
Initialize mono
Mono path[0] = 'C:/Program Files/Unity/Hub/Editor/2020.3.18f1/Editor/Data/Managed'
Mono path[1] = 'C:/Program Files/Unity/Hub/Editor/2020.3.18f1/Editor/Data/MonoBleedingEdge/lib/mono/unityjit'
Mono config path = 'C:/Program Files/Unity/Hub/Editor/2020.3.18f1/Editor/Data/MonoBleedingEdge/etc'
Using monoOptions --debugger-agent=transport=dt_socket,embedding=1,server=y,suspend=n,address=127.0.0.1:56316
Begin MonoManager ReloadAssembly
Registering precompiled unity dll's ...
Register platform support module: C:/Program Files/Unity/Hub/Editor/2020.3.18f1/Editor/Data/PlaybackEngines/WebGLSupport/UnityEditor.WebGL.Extensions.dll
Register platform support module: C:/Program Files/Unity/Hub/Editor/2020.3.18f1/Editor/Data/PlaybackEngines/WindowsStandaloneSupport/UnityEditor.WindowsStandalone.Extensions.dll
Registered in 0.002178 seconds.
Native extension for WindowsStandalone target not found
Native extension for WebGL target not found
Refreshing native plugins compatible for Editor in 139.87 ms, found 2 plugins.
Preloading 0 native plugins for Editor in 0.00 ms.
Mono: successfully reloaded assembly
- Completed reload, in  1.935 seconds
Domain Reload Profiling:
	ReloadAssembly (1936ms)
		BeginReloadAssembly (51ms)
			ExecutionOrderSort (0ms)
			DisableScriptedObjects (0ms)
			BackupInstance (0ms)
			ReleaseScriptingObjects (0ms)
			CreateAndSetChildDomain (1ms)
		EndReloadAssembly (519ms)
			LoadAssemblies (49ms)
			RebuildTransferFunctionScriptingTraits (0ms)
			SetupTypeCache (161ms)
			ReleaseScriptCaches (0ms)
			RebuildScriptCaches (29ms)
			SetupLoadedEditorAssemblies (264ms)
				LogAssemblyErrors (0ms)
				InitializePlatformSupportModulesInManaged (5ms)
				SetLoadedEditorAssemblies (0ms)
				RefreshPlugins (140ms)
				BeforeProcessingInitializeOnLoad (10ms)
				ProcessInitializeOnLoadAttributes (79ms)
				ProcessInitializeOnLoadMethodAttributes (29ms)
				AfterProcessingInitializeOnLoad (0ms)
				EditorAssembliesLoaded (0ms)
			ExecutionOrderSort2 (0ms)
			AwakeInstancesAfterBackupRestoration (0ms)
Platform modules already initialized, skipping
Registering precompiled user dll's ...
Registered in 0.004694 seconds.
Begin MonoManager ReloadAssembly
Native extension for WindowsStandalone target not found
Native extension for WebGL target not found
Refreshing native plugins compatible for Editor in 152.83 ms, found 2 plugins.
Preloading 0 native plugins for Editor in 0.00 ms.
Mono: successfully reloaded assembly
- Completed reload, in  1.704 seconds
Domain Reload Profiling:
	ReloadAssembly (1705ms)
		BeginReloadAssembly (144ms)
			ExecutionOrderSort (0ms)
			DisableScriptedObjects (4ms)
			BackupInstance (0ms)
			ReleaseScriptingObjects (0ms)
			CreateAndSetChildDomain (20ms)
		EndReloadAssembly (1498ms)
			LoadAssemblies (109ms)
			RebuildTransferFunctionScriptingTraits (0ms)
			SetupTypeCache (412ms)
			ReleaseScriptCaches (1ms)
			RebuildScriptCaches (96ms)
			SetupLoadedEditorAssemblies (735ms)
				LogAssemblyErrors (0ms)
				InitializePlatformSupportModulesInManaged (5ms)
				SetLoadedEditorAssemblies (0ms)
				RefreshPlugins (153ms)
				BeforeProcessingInitializeOnLoad (129ms)
				ProcessInitializeOnLoadAttributes (282ms)
				ProcessInitializeOnLoadMethodAttributes (160ms)
				AfterProcessingInitializeOnLoad (6ms)
				EditorAssembliesLoaded (0ms)
			ExecutionOrderSort2 (0ms)
			AwakeInstancesAfterBackupRestoration (6ms)
Platform modules already initialized, skipping
========================================================================
Worker process is ready to serve import requests
Launched and connected shader compiler UnityShaderCompiler.exe after 0.05 seconds
Refreshing native plugins compatible for Editor in 1.32 ms, found 2 plugins.
Preloading 0 native plugins for Editor in 0.00 ms.
Unloading 5057 Unused Serialized files (Serialized files now loaded: 0)
System memory in use before: 345.8 MB.
System memory in use after: 343.4 MB.

Unloading 54 unused Assets to reduce memory usage. Loaded Objects now: 5507.
Total: 6.159600 ms (FindLiveObjects: 0.553600 ms CreateObjectMapping: 0.147500 ms MarkObjects: 3.876500 ms  DeleteObjects: 1.579900 ms)

AssetImportParameters requested are different than current active one (requested -> active):
  custom:framework-win-MediaFoundation: 216162199b28c13a410421893ffa2e32 -> 
  custom:video-decoder-ogg-theora: a1e56fd34408186e4bbccfd4996cb3dc -> 
  custom:container-muxer-webm: aa71ff27fc2769a1b78a27578f13a17b -> 
  custom:container-demuxer-webm: 4f35f7cbe854078d1ac9338744f61a02 -> 
  custom:container-demuxer-ogg: 62fdf1f143b41e24485cea50d1cbac27 -> 
  custom:video-encoder-webm-vp8: eb34c28f22e8b96e1ab97ce403110664 -> 
  custom:video-decoder-webm-vp8: 9c59270c3fd7afecdb556c50c9e8de78 -> 
  custom:audio-decoder-ogg-vorbis: bf7c407c2cedff20999df2af8eb42d56 -> 
  custom:audio-encoder-webm-vorbis: bf7c407c2cedff20999df2af8eb42d56 -> 
========================================================================
Received Import Request.
  path: Assets/Terrain Assets/Arbustos/Materials/New Material.mat
  artifactKey: Guid(844e28b2ee06c0040b53d8ab192bbd17) Importer(815301076,1909f56bfc062723c751e8b465ee728b)
Start importing Assets/Terrain Assets/Arbustos/Materials/New Material.mat using Guid(844e28b2ee06c0040b53d8ab192bbd17) Importer(815301076,1909f56bfc062723c751e8b465ee728b) [ScriptCompilation] NOT recompiling all scripts because this is an import worker process. Reason to compile was: Define symbols changed
Launched and connected shader compiler UnityShaderCompiler.exe after 0.05 seconds
Launched and connected shader compiler UnityShaderCompiler.exe after 0.05 seconds
Launched and connected shader compiler UnityShaderCompiler.exe after 0.05 seconds
Launched and connected shader compiler UnityShaderCompiler.exe after 0.05 seconds
Launched and connected shader compiler UnityShaderCompiler.exe after 0.05 seconds
Launched and connected shader compiler UnityShaderCompiler.exe after 0.05 seconds
Launched and connected shader compiler UnityShaderCompiler.exe after 0.05 seconds
Launched and connected shader compiler UnityShaderCompiler.exe after 0.05 seconds
Launched and connected shader compiler UnityShaderCompiler.exe after 0.05 seconds
Launched and connected shader compiler UnityShaderCompiler.exe after 0.05 seconds
Launched and connected shader compiler UnityShaderCompiler.exe after 0.05 seconds
 -> (artifact id: 'f674d3460661c077e3cbc43fb2af2b2f') in 7.621885 seconds 
  Import took 7.633023 seconds .

========================================================================
Received Import Request.
  Time since last request: 23.597373 seconds.
  path: Assets/anyrgb.com 1.png
  artifactKey: Guid(65ad8fa81db71d948921aa092d1fbe21) Importer(815301076,1909f56bfc062723c751e8b465ee728b)
Start importing Assets/anyrgb.com 1.png using Guid(65ad8fa81db71d948921aa092d1fbe21) Importer(815301076,1909f56bfc062723c751e8b465ee728b)  -> (artifact id: '995b8d7f98c12a09cea1b229dde49f19') in 0.027270 seconds 
  Import took 0.035364 seconds .

========================================================================
Received Import Request.
  Time since last request: 0.000188 seconds.
  path: Assets/anyrgb.com.png
  artifactKey: Guid(afb8e05db4ae7244b82d955be68d1ef5) Importer(815301076,1909f56bfc062723c751e8b465ee728b)
Start importing Assets/anyrgb.com.png using Guid(afb8e05db4ae7244b82d955be68d1ef5) Importer(815301076,1909f56bfc062723c751e8b465ee728b)  -> (artifact id: 'fe400e04cb627a4fc77894de56724a1c') in 0.017403 seconds 
  Import took 0.024601 seconds .

========================================================================
Received Import Request.
  Time since last request: 0.000186 seconds.
  path: Assets/anyrgb.com 2.png
  artifactKey: Guid(4c731e3a5ea60794b84c0f9075a3fae0) Importer(815301076,1909f56bfc062723c751e8b465ee728b)
Start importing Assets/anyrgb.com 2.png using Guid(4c731e3a5ea60794b84c0f9075a3fae0) Importer(815301076,1909f56bfc062723c751e8b465ee728b)  -> (artifact id: '282f23c45aefc938b1bd705328876a4e') in 0.013410 seconds 
  Import took 0.020177 seconds .

========================================================================
Received Import Request.
  Time since last request: 0.000193 seconds.
  path: Assets/Default_002_baseColor.png
  artifactKey: Guid(a3b4bcfa6f3246743b9ffbd522a1275e) Importer(815301076,1909f56bfc062723c751e8b465ee728b)
Start importing Assets/Default_002_baseColor.png using Guid(a3b4bcfa6f3246743b9ffbd522a1275e) Importer(815301076,1909f56bfc062723c751e8b465ee728b)  -> (artifact id: '313c9b934150ccbe08fcd06cde971ac9') in 0.014624 seconds 
  Import took 0.021979 seconds .

========================================================================
Received Import Request.
  Time since last request: 0.000182 seconds.
  path: Assets/NEW Material 2.mat
  artifactKey: Guid(19e1fba0fdd7e634e897767602498928) Importer(815301076,1909f56bfc062723c751e8b465ee728b)
Start importing Assets/NEW Material 2.mat using Guid(19e1fba0fdd7e634e897767602498928) Importer(815301076,1909f56bfc062723c751e8b465ee728b)  -> (artifact id: '02fcaacdbe1d455428e539da4c803f0c') in 0.047516 seconds 
  Import took 0.055152 seconds .

========================================================================
Received Import Request.
  Time since last request: 0.000169 seconds.
  path: Assets/New Material.mat
  artifactKey: Guid(8eef84bc33564034dada3d1e6b744c11) Importer(815301076,1909f56bfc062723c751e8b465ee728b)
Start importing Assets/New Material.mat using Guid(8eef84bc33564034dada3d1e6b744c11) Importer(815301076,1909f56bfc062723c751e8b465ee728b)  -> (artifact id: '636ed27bc3f845ac7353d2cb5d62167e') in 0.036748 seconds 
  Import took 0.045090 seconds .

========================================================================
Received Import Request.
  Time since last request: 0.000237 seconds.
  path: Assets/Gun.fbx
  artifactKey: Guid(186f5cfea28b19941aab7da96d1fe45b) Importer(815301076,1909f56bfc062723c751e8b465ee728b)
Start importing Assets/Gun.fbx using Guid(186f5cfea28b19941aab7da96d1fe45b) Importer(815301076,1909f56bfc062723c751e8b465ee728b)  -> (artifact id: 'ecbac1cde7002b2ecf0d5c6abe18f77a') in 0.477516 seconds 
  Import took 0.485215 seconds .

========================================================================
Received Import Request.
  Time since last request: 0.000208 seconds.
  path: Assets/Dino1.fbx
  artifactKey: Guid(938170cd2bc3d764d9fc6b8d1ceb9d55) Importer(815301076,1909f56bfc062723c751e8b465ee728b)
Start importing Assets/Dino1.fbx using Guid(938170cd2bc3d764d9fc6b8d1ceb9d55) Importer(815301076,1909f56bfc062723c751e8b465ee728b)  -> (artifact id: 'e841d98ea44fccc0aeea6edd3489899e') in 0.171506 seconds 
  Import took 0.181548 seconds .

========================================================================
Received Import Request.
  Time since last request: 0.000502 seconds.
  path: Assets/DINO1.mat
  artifactKey: Guid(3316e3fbaf025e64c92c6afde53330aa) Importer(815301076,1909f56bfc062723c751e8b465ee728b)
Start importing Assets/DINO1.mat using Guid(3316e3fbaf025e64c92c6afde53330aa) Importer(815301076,1909f56bfc062723c751e8b465ee728b)  -> (artifact id: 'baacfb2147d00537b2e6d4b23e789928') in 0.046973 seconds 
  Import took 0.056618 seconds .

========================================================================
Received Import Request.
  Time since last request: 0.000176 seconds.
  path: Assets/default_baseColor.png
  artifactKey: Guid(7c6bae5f27a68e641836117fcf2d7976) Importer(815301076,1909f56bfc062723c751e8b465ee728b)
Start importing Assets/default_baseColor.png using Guid(7c6bae5f27a68e641836117fcf2d7976) Importer(815301076,1909f56bfc062723c751e8b465ee728b)  -> (artifact id: 'c031ff9e9e67eb87c5b1cb6f511972b3') in 0.016669 seconds 
  Import took 0.023510 seconds .

========================================================================
Received Import Request.
  Time since last request: 0.000189 seconds.
  path: Assets/WaterBurst.prefab
  artifactKey: Guid(ecafd917d049d734c8b268769bd8876c) Importer(815301076,1909f56bfc062723c751e8b465ee728b)
Start importing Assets/WaterBurst.prefab using Guid(ecafd917d049d734c8b268769bd8876c) Importer(815301076,1909f56bfc062723c751e8b465ee728b)  -> (artifact id: '114a45f182aafc975991cbfca3eb5614') in 0.049227 seconds 
  Import took 0.057633 seconds .

========================================================================
Received Import Request.
  Time since last request: 0.000222 seconds.
  path: Assets/New Terrain.asset
  artifactKey: Guid(42594577e9b955d42bbdcc26f2dc0c52) Importer(815301076,1909f56bfc062723c751e8b465ee728b)
Start importing Assets/New Terrain.asset using Guid(42594577e9b955d42bbdcc26f2dc0c52) Importer(815301076,1909f56bfc062723c751e8b465ee728b)  -> (artifact id: 'fe2bbded4778cb46020f0da9e83e70d0') in 0.036390 seconds 
  Import took 0.044359 seconds .

========================================================================
Received Import Request.
  Time since last request: 0.000215 seconds.
  path: Assets/Hydrant1.fbx
  artifactKey: Guid(705c12874f4a15046bc6c3ceee7ca965) Importer(815301076,1909f56bfc062723c751e8b465ee728b)
Start importing Assets/Hydrant1.fbx using Guid(705c12874f4a15046bc6c3ceee7ca965) Importer(815301076,1909f56bfc062723c751e8b465ee728b)  -> (artifact id: 'd3f3f6930bcf964bbd02c6feff612a9c') in 0.062947 seconds 
  Import took 0.071555 seconds .

========================================================================
Received Import Request.
  Time since last request: 0.000187 seconds.
  path: Assets/Dino.fbx
  artifactKey: Guid(665a3f90d92b8864191337927c6fe7c5) Importer(815301076,1909f56bfc062723c751e8b465ee728b)
Start importing Assets/Dino.fbx using Guid(665a3f90d92b8864191337927c6fe7c5) Importer(815301076,1909f56bfc062723c751e8b465ee728b)  -> (artifact id: '108483be658ac94c51c628255a82e3b2') in 0.128010 seconds 
  Import took 0.136218 seconds .

========================================================================
Received Import Request.
  Time since last request: 0.000199 seconds.
  path: Assets/TT_checker_2048x2048_UV_GRID_normal.png
  artifactKey: Guid(2172e267e3cca6b4091265efffbffe0d) Importer(815301076,1909f56bfc062723c751e8b465ee728b)
Start importing Assets/TT_checker_2048x2048_UV_GRID_normal.png using Guid(2172e267e3cca6b4091265efffbffe0d) Importer(815301076,1909f56bfc062723c751e8b465ee728b)  -> (artifact id: '85e106b575b40b854bb83e888cf3ae41') in 0.033649 seconds 
  Import took 0.040772 seconds .

========================================================================
Received Import Request.
  Time since last request: 0.000181 seconds.
  path: Assets/TT_checker_2048x2048_UV_GRID_baseColor.png
  artifactKey: Guid(feaff1c401e2bdc4b9351d801e05a101) Importer(815301076,1909f56bfc062723c751e8b465ee728b)
Start importing Assets/TT_checker_2048x2048_UV_GRID_baseColor.png using Guid(feaff1c401e2bdc4b9351d801e05a101) Importer(815301076,1909f56bfc062723c751e8b465ee728b)  -> (artifact id: '550c63376a8b9158eff3eb33400bf619') in 0.015342 seconds 
  Import took 0.022825 seconds .

========================================================================
Received Import Request.
  Time since last request: 0.000206 seconds.
  path: Assets/TT_checker_2048x2048_UV_GRID_metallicRoughness.png
  artifactKey: Guid(f2d4e1f2192ac234ebf17c7e76bad2b6) Importer(815301076,1909f56bfc062723c751e8b465ee728b)
Start importing Assets/TT_checker_2048x2048_UV_GRID_metallicRoughness.png using Guid(f2d4e1f2192ac234ebf17c7e76bad2b6) Importer(815301076,1909f56bfc062723c751e8b465ee728b)  -> (artifact id: 'df8ea6fdb5089e2f6b125842cd6f3f03') in 0.016637 seconds 
  Import took 0.024567 seconds .

========================================================================
Received Import Request.
  Time since last request: 0.000195 seconds.
  path: Assets/New Material 1.mat
  artifactKey: Guid(dc0302635fd517b45b64d711a2c81042) Importer(815301076,1909f56bfc062723c751e8b465ee728b)
Start importing Assets/New Material 1.mat using Guid(dc0302635fd517b45b64d711a2c81042) Importer(815301076,1909f56bfc062723c751e8b465ee728b)  -> (artifact id: 'be61f516b6158170d6edefff72415924') in 0.036307 seconds 
  Import took 0.043781 seconds .

========================================================================
Received Import Request.
  Time since last request: 0.000244 seconds.
  path: Assets/bush1 1.mat
  artifactKey: Guid(7087f4910cb048b4faa44d3ebeab1cce) Importer(815301076,1909f56bfc062723c751e8b465ee728b)
Start importing Assets/bush1 1.mat using Guid(7087f4910cb048b4faa44d3ebeab1cce) Importer(815301076,1909f56bfc062723c751e8b465ee728b)  -> (artifact id: '743915e386d179bb513aa5dd7cd96b80') in 0.043328 seconds 
  Import took 0.051743 seconds .

========================================================================
Received Import Request.
  Time since last request: 0.000200 seconds.
  path: Assets/bush1.mat
  artifactKey: Guid(0003cc7a51c43bc4792911dc92ce5f4f) Importer(815301076,1909f56bfc062723c751e8b465ee728b)
Start importing Assets/bush1.mat using Guid(0003cc7a51c43bc4792911dc92ce5f4f) Importer(815301076,1909f56bfc062723c751e8b465ee728b)  -> (artifact id: '6bb9305cdb170f762edfdb95845b12ab') in 0.046007 seconds 
  Import took 0.054018 seconds .

========================================================================
Received Import Request.
  Time since last request: 0.000179 seconds.
  path: Assets/Hydrant2.fbx
  artifactKey: Guid(7d88aa917a5c0394b8b6435dace9bd25) Importer(815301076,1909f56bfc062723c751e8b465ee728b)
Start importing Assets/Hydrant2.fbx using Guid(7d88aa917a5c0394b8b6435dace9bd25) Importer(815301076,1909f56bfc062723c751e8b465ee728b)  -> (artifact id: '6222113ed835701b522c8cbd781d38e7') in 0.074977 seconds 
  Import took 0.083183 seconds .

========================================================================
Received Import Request.
  Time since last request: 0.000262 seconds.
  path: Assets/Default_002_normal.png
  artifactKey: Guid(85b45833d35d7904497f240b1baa371b) Importer(815301076,1909f56bfc062723c751e8b465ee728b)
Start importing Assets/Default_002_normal.png using Guid(85b45833d35d7904497f240b1baa371b) Importer(815301076,1909f56bfc062723c751e8b465ee728b)  -> (artifact id: 'd2156c7c1fa655e1906dfff158357b41') in 0.018333 seconds 
  Import took 0.026134 seconds .

========================================================================
Received Import Request.
  Time since last request: 0.000181 seconds.
  path: Assets/Default_002_metallicRoughness.png
  artifactKey: Guid(86508b42a86942b4d89e5b44e690ba39) Importer(815301076,1909f56bfc062723c751e8b465ee728b)
Start importing Assets/Default_002_metallicRoughness.png using Guid(86508b42a86942b4d89e5b44e690ba39) Importer(815301076,1909f56bfc062723c751e8b465ee728b)  -> (artifact id: '0feba2fe221726950be2157dd6634a4b') in 0.018928 seconds 
  Import took 0.026674 seconds .

